<?xml version="1.0" encoding="UTF-8"?>
<!-- Generated by org.testng.reporters.JUnitXMLReporter -->
<testsuite ignored="1" hostname="LAPTOP-FQTCSAVM" failures="1" tests="1" name="Default test(failed)(failed)" time="6.181" errors="0" timestamp="2022-11-02T19:21:15 IST">
  <testcase classname="com.zoho.test.CreateNewLead" name="test2" time="0.008">
    <failure type="java.lang.Error" message="Unresolved compilation problems: 
	Unhandled exception type InterruptedException
	Unhandled exception type InterruptedException
">
      <![CDATA[java.lang.Error: Unresolved compilation problems: 
Unhandled exception type InterruptedException
Unhandled exception type InterruptedException

at com.zoho.test.CreateNewLead.test2(CreateNewLead.java:72)
at java.base/java.util.ArrayList.forEach(ArrayList.java:1511)
... Removed 25 stack frames]]>
    </failure>
  </testcase> <!-- test2 -->
  <testcase classname="com.zoho.test.CreateNewLead" name="test1" time="0.0">
    <ignored/>
  </testcase> <!-- test1 -->
</testsuite> <!-- Default test(failed)(failed) -->
