<?xml version="1.0" encoding="UTF-8"?>
<!-- Generated by org.testng.reporters.JUnitXMLReporter -->
<testsuite ignored="1" hostname="LAPTOP-FQTCSAVM" failures="0" tests="1" name="Default test(failed)" time="19.864" errors="0" timestamp="2022-11-02T19:25:05 IST">
  <testcase classname="com.zoho.test.CreateNewLead" name="test2" time="11.114"/>
  <testcase classname="com.zoho.test.CreateNewLead" name="test1" time="0.0">
    <ignored/>
  </testcase> <!-- test1 -->
</testsuite> <!-- Default test(failed) -->
