<?xml version="1.0" encoding="UTF-8"?>
<testng-results ignored="0" total="2" passed="2" failed="0" skipped="0">
  <reporter-output>
    <line>
      <![CDATA[All Buttons are enabled]]>
    </line>
    <line>
      <![CDATA[All texts are displayed]]>
    </line>
  </reporter-output>
  <suite started-at="2022-11-03T11:53:52 IST" name="Default suite" finished-at="2022-11-03T11:54:27 IST" duration-ms="34552">
    <groups>
    </groups>
    <test started-at="2022-11-03T11:53:52 IST" name="Default test" finished-at="2022-11-03T11:54:27 IST" duration-ms="34552">
      <class name="com.zoho.test.CreateNewLead">
        <test-method is-config="true" signature="urlopen()[pri:0, instance:com.zoho.test.CreateNewLead@708f5957]" started-at="2022-11-03T11:53:52 IST" name="urlopen" finished-at="2022-11-03T11:53:57 IST" duration-ms="5253" status="PASS">
          <reporter-output>
          </reporter-output>
        </test-method> <!-- urlopen -->
        <test-method is-config="true" signature="login()[pri:0, instance:com.zoho.test.CreateNewLead@708f5957]" started-at="2022-11-03T11:53:57 IST" name="login" finished-at="2022-11-03T11:54:00 IST" duration-ms="2273" status="PASS">
          <reporter-output>
          </reporter-output>
        </test-method> <!-- login -->
        <test-method signature="test1()[pri:0, instance:com.zoho.test.CreateNewLead@708f5957]" started-at="2022-11-03T11:54:00 IST" name="test1" finished-at="2022-11-03T11:54:17 IST" duration-ms="17479" status="PASS">
          <reporter-output>
            <line>
              <![CDATA[All Buttons are enabled]]>
            </line>
            <line>
              <![CDATA[All texts are displayed]]>
            </line>
          </reporter-output>
        </test-method> <!-- test1 -->
        <test-method is-config="true" signature="logout()[pri:0, instance:com.zoho.test.CreateNewLead@708f5957]" started-at="2022-11-03T11:54:17 IST" name="logout" finished-at="2022-11-03T11:54:18 IST" duration-ms="382" status="PASS">
          <reporter-output>
          </reporter-output>
        </test-method> <!-- logout -->
        <test-method is-config="true" signature="login()[pri:0, instance:com.zoho.test.CreateNewLead@708f5957]" started-at="2022-11-03T11:54:18 IST" name="login" finished-at="2022-11-03T11:54:18 IST" duration-ms="480" status="PASS">
          <reporter-output>
          </reporter-output>
        </test-method> <!-- login -->
        <test-method signature="test2()[pri:0, instance:com.zoho.test.CreateNewLead@708f5957]" started-at="2022-11-03T11:54:18 IST" name="test2" finished-at="2022-11-03T11:54:26 IST" duration-ms="7723" status="PASS">
          <reporter-output>
          </reporter-output>
        </test-method> <!-- test2 -->
        <test-method is-config="true" signature="logout()[pri:0, instance:com.zoho.test.CreateNewLead@708f5957]" started-at="2022-11-03T11:54:26 IST" name="logout" finished-at="2022-11-03T11:54:26 IST" duration-ms="197" status="PASS">
          <reporter-output>
          </reporter-output>
        </test-method> <!-- logout -->
        <test-method is-config="true" signature="closeurl()[pri:0, instance:com.zoho.test.CreateNewLead@708f5957]" started-at="2022-11-03T11:54:26 IST" name="closeurl" finished-at="2022-11-03T11:54:27 IST" duration-ms="692" status="PASS">
          <reporter-output>
          </reporter-output>
        </test-method> <!-- closeurl -->
      </class> <!-- com.zoho.test.CreateNewLead -->
    </test> <!-- Default test -->
  </suite> <!-- Default suite -->
</testng-results>
